Kurdistan_Borsa_running/platforms1/android1/build1/outputs1/logs/manifest-merger-debug-report.txt
-- Merging decision tree log ---
manifest
ADDED from platforms/android/AndroidManifest.xml:2:1-40:12
	package
		ADDED from platforms/android/AndroidManifest.xml:2:98-136
		INJECTED from platforms/android/AndroidManifest.xml
		INJECTED from platforms/android/AndroidManifest.xml
	android:versionName
		ADDED from platforms/android/AndroidManifest.xml:2:70-97
		INJECTED from platforms/android/AndroidManifest.xml
		INJECTED from platforms/android/AndroidManifest.xml
	android:hardwareAccelerated
		ADDED from platforms/android/AndroidManifest.xml:2:11-45
	android:versionCode
		ADDED from platforms/android/AndroidManifest.xml:2:46-69
		INJECTED from platforms/android/AndroidManifest.xml
		INJECTED from platforms/android/AndroidManifest.xml
	xmlns:android
		ADDED from platforms/android/AndroidManifest.xml:2:137-195
supports-screens
ADDED from platforms/android/AndroidManifest.xml:3:5-191
	android:largeScreens
		ADDED from platforms/android/AndroidManifest.xml:3:49-76
	android:smallScreens
		ADDED from platforms/android/AndroidManifest.xml:3:132-159
	android:normalScreens
		ADDED from platforms/android/AndroidManifest.xml:3:77-105
	android:xlargeScreens
		ADDED from platforms/android/AndroidManifest.xml:3:160-188
	android:resizeable
		ADDED from platforms/android/AndroidManifest.xml:3:106-131
	android:anyDensity
		ADDED from platforms/android/AndroidManifest.xml:3:23-48
application
ADDED from platforms/android/AndroidManifest.xml:4:5-30:19
MERGED from [com.android.support:support-v13:23.4.0] AndroidManifest.xml:22:5-20
MERGED from [com.android.support:support-v4:23.4.0] AndroidManifest.xml:22:5-20
MERGED from [com.google.android.gms:play-services-gcm:9.0.2] AndroidManifest.xml:24:5-20
MERGED from [com.google.android.gms:play-services-base:9.0.2] AndroidManifest.xml:19:5-23:19
MERGED from [com.google.android.gms:play-services-basement:9.0.2] AndroidManifest.xml:20:5-24:19
MERGED from [com.android.support:support-v4:23.4.0] AndroidManifest.xml:22:5-20
MERGED from [com.google.firebase:firebase-common:9.0.2] AndroidManifest.xml:5:5-12:19
MERGED from [com.google.android.gms:play-services-basement:9.0.2] AndroidManifest.xml:20:5-24:19
MERGED from [com.android.support:support-v4:23.4.0] AndroidManifest.xml:22:5-20
MERGED from [com.google.android.gms:play-services-tasks:9.0.2] AndroidManifest.xml:5:5-20
MERGED from [com.google.android.gms:play-services-basement:9.0.2] AndroidManifest.xml:20:5-24:19
MERGED from [com.android.support:support-v4:23.4.0] AndroidManifest.xml:22:5-20
MERGED from [com.google.android.gms:play-services-tasks:9.0.2] AndroidManifest.xml:5:5-20
MERGED from [com.google.android.gms:play-services-basement:9.0.2] AndroidManifest.xml:20:5-24:19
MERGED from [com.android.support:support-v4:23.4.0] AndroidManifest.xml:22:5-20
MERGED from [com.google.android.gms:play-services-basement:9.0.2] AndroidManifest.xml:20:5-24:19
MERGED from [com.android.support:support-v4:23.4.0] AndroidManifest.xml:22:5-20
MERGED from [com.google.android.gms:play-services-iid:9.0.2] AndroidManifest.xml:24:5-20
MERGED from [com.google.android.gms:play-services-base:9.0.2] AndroidManifest.xml:19:5-23:19
MERGED from [com.google.android.gms:play-services-basement:9.0.2] AndroidManifest.xml:20:5-24:19
MERGED from [com.android.support:support-v4:23.4.0] AndroidManifest.xml:22:5-20
MERGED from [com.google.firebase:firebase-common:9.0.2] AndroidManifest.xml:5:5-12:19
MERGED from [com.google.android.gms:play-services-basement:9.0.2] AndroidManifest.xml:20:5-24:19
MERGED from [com.android.support:support-v4:23.4.0] AndroidManifest.xml:22:5-20
MERGED from [com.google.android.gms:play-services-tasks:9.0.2] AndroidManifest.xml:5:5-20
MERGED from [com.google.android.gms:play-services-basement:9.0.2] AndroidManifest.xml:20:5-24:19
MERGED from [com.android.support:support-v4:23.4.0] AndroidManifest.xml:22:5-20
MERGED from [com.google.android.gms:play-services-tasks:9.0.2] AndroidManifest.xml:5:5-20
MERGED from [com.google.android.gms:play-services-basement:9.0.2] AndroidManifest.xml:20:5-24:19
MERGED from [com.android.support:support-v4:23.4.0] AndroidManifest.xml:22:5-20
MERGED from [com.google.android.gms:play-services-basement:9.0.2] AndroidManifest.xml:20:5-24:19
MERGED from [com.android.support:support-v4:23.4.0] AndroidManifest.xml:22:5-20
	android:label
		ADDED from platforms/android/AndroidManifest.xml:4:83-115
	android:supportsRtl
		ADDED from platforms/android/AndroidManifest.xml:4:116-142
	android:hardwareAccelerated
		ADDED from platforms/android/AndroidManifest.xml:4:18-52
	android:icon
		ADDED from platforms/android/AndroidManifest.xml:4:53-82
activity#com.ionicframework.kurdistan.MainActivity
ADDED from platforms/android/AndroidManifest.xml:5:9-10:20
	android:screenOrientation
		ADDED from platforms/android/AndroidManifest.xml:5:194-230
	android:label
		ADDED from platforms/android/AndroidManifest.xml:5:97-134
	android:launchMode
		ADDED from platforms/android/AndroidManifest.xml:5:135-165
	android:windowSoftInputMode
		ADDED from platforms/android/AndroidManifest.xml:5:294-336
	android:configChanges
		ADDED from platforms/android/AndroidManifest.xml:5:19-96
	android:theme
		ADDED from platforms/android/AndroidManifest.xml:5:231-293
	android:name
		ADDED from platforms/android/AndroidManifest.xml:5:166-193
intent-filter#android.intent.action.MAIN+android.intent.category.LAUNCHER
ADDED from platforms/android/AndroidManifest.xml:6:13-9:29
	android:label
		ADDED from platforms/android/AndroidManifest.xml:6:28-65
action#android.intent.action.MAIN
ADDED from platforms/android/AndroidManifest.xml:7:17-69
	android:name
		ADDED from platforms/android/AndroidManifest.xml:7:25-66
category#android.intent.category.LAUNCHER
ADDED from platforms/android/AndroidManifest.xml:8:17-77
	android:name
		ADDED from platforms/android/AndroidManifest.xml:8:27-74
activity#com.adobe.phonegap.push.PushHandlerActivity
ADDED from platforms/android/AndroidManifest.xml:11:9-104
	android:exported
		ADDED from platforms/android/AndroidManifest.xml:11:19-42
	android:name
		ADDED from platforms/android/AndroidManifest.xml:11:43-101
receiver#com.adobe.phonegap.push.BackgroundActionButtonHandler
ADDED from platforms/android/AndroidManifest.xml:12:9-90
	android:name
		ADDED from platforms/android/AndroidManifest.xml:12:19-87
receiver#com.google.android.gms.gcm.GcmReceiver
ADDED from platforms/android/AndroidManifest.xml:13:9-18:20
	android:exported
		ADDED from platforms/android/AndroidManifest.xml:13:19-42
	android:permission
		ADDED from platforms/android/AndroidManifest.xml:13:97-157
	android:name
		ADDED from platforms/android/AndroidManifest.xml:13:43-96
intent-filter#${applicationId}+com.google.android.c2dm.intent.RECEIVE
ADDED from platforms/android/AndroidManifest.xml:14:13-17:29
action#com.google.android.c2dm.intent.RECEIVE
ADDED from platforms/android/AndroidManifest.xml:15:17-81
	android:name
		ADDED from platforms/android/AndroidManifest.xml:15:25-78
category#${applicationId}
ADDED from platforms/android/AndroidManifest.xml:16:17-61
	android:name
		ADDED from platforms/android/AndroidManifest.xml:16:27-58
		INJECTED from platforms/android/AndroidManifest.xml
service#com.adobe.phonegap.push.GCMIntentService
ADDED from platforms/android/AndroidManifest.xml:19:9-23:19
	android:exported
		ADDED from platforms/android/AndroidManifest.xml:19:18-42
	android:name
		ADDED from platforms/android/AndroidManifest.xml:19:43-98
intent-filter#com.google.android.c2dm.intent.RECEIVE
ADDED from platforms/android/AndroidManifest.xml:20:13-22:29
service#com.adobe.phonegap.push.PushInstanceIDListenerService
ADDED from platforms/android/AndroidManifest.xml:24:9-28:19
	android:exported
		ADDED from platforms/android/AndroidManifest.xml:24:18-42
	android:name
		ADDED from platforms/android/AndroidManifest.xml:24:43-111
intent-filter#com.google.android.gms.iid.InstanceID
ADDED from platforms/android/AndroidManifest.xml:25:13-27:29
action#com.google.android.gms.iid.InstanceID
ADDED from platforms/android/AndroidManifest.xml:26:17-80
	android:name
		ADDED from platforms/android/AndroidManifest.xml:26:25-77
service#com.adobe.phonegap.push.RegistrationIntentService
ADDED from platforms/android/AndroidManifest.xml:29:9-110
	android:exported
		ADDED from platforms/android/AndroidManifest.xml:29:18-42
	android:name
		ADDED from platforms/android/AndroidManifest.xml:29:43-107
uses-sdk
ADDED from platforms/android/AndroidManifest.xml:31:5-74
MERGED from [com.android.support:support-v13:23.4.0] AndroidManifest.xml:20:5-44
MERGED from [com.android.support:support-v4:23.4.0] AndroidManifest.xml:20:5-43
MERGED from [com.google.android.gms:play-services-gcm:9.0.2] AndroidManifest.xml:18:5-42
MERGED from [com.google.android.gms:play-services-base:9.0.2] AndroidManifest.xml:18:5-42
MERGED from [com.google.android.gms:play-services-basement:9.0.2] AndroidManifest.xml:18:5-42
MERGED from [com.android.support:support-v4:23.4.0] AndroidManifest.xml:20:5-43
MERGED from [com.google.firebase:firebase-common:9.0.2] AndroidManifest.xml:4:5-43
MERGED from [com.google.android.gms:play-services-basement:9.0.2] AndroidManifest.xml:18:5-42
MERGED from [com.android.support:support-v4:23.4.0] AndroidManifest.xml:20:5-43
MERGED from [com.google.android.gms:play-services-tasks:9.0.2] AndroidManifest.xml:4:5-43
MERGED from [com.google.android.gms:play-services-basement:9.0.2] AndroidManifest.xml:18:5-42
MERGED from [com.android.support:support-v4:23.4.0] AndroidManifest.xml:20:5-43
MERGED from [com.google.android.gms:play-services-tasks:9.0.2] AndroidManifest.xml:4:5-43
MERGED from [com.google.android.gms:play-services-basement:9.0.2] AndroidManifest.xml:18:5-42
MERGED from [com.android.support:support-v4:23.4.0] AndroidManifest.xml:20:5-43
MERGED from [com.google.android.gms:play-services-basement:9.0.2] AndroidManifest.xml:18:5-42
MERGED from [com.android.support:support-v4:23.4.0] AndroidManifest.xml:20:5-43
MERGED from [com.google.android.gms:play-services-iid:9.0.2] AndroidManifest.xml:18:5-42
MERGED from [com.google.android.gms:play-services-base:9.0.2] AndroidManifest.xml:18:5-42
MERGED from [com.google.android.gms:play-services-basement:9.0.2] AndroidManifest.xml:18:5-42
MERGED from [com.android.support:support-v4:23.4.0] AndroidManifest.xml:20:5-43
MERGED from [com.google.firebase:firebase-common:9.0.2] AndroidManifest.xml:4:5-43
MERGED from [com.google.android.gms:play-services-basement:9.0.2] AndroidManifest.xml:18:5-42
MERGED from [com.android.support:support-v4:23.4.0] AndroidManifest.xml:20:5-43
MERGED from [com.google.android.gms:play-services-tasks:9.0.2] AndroidManifest.xml:4:5-43
MERGED from [com.google.android.gms:play-services-basement:9.0.2] AndroidManifest.xml:18:5-42
MERGED from [com.android.support:support-v4:23.4.0] AndroidManifest.xml:20:5-43
MERGED from [com.google.android.gms:play-services-tasks:9.0.2] AndroidManifest.xml:4:5-43
MERGED from [com.google.android.gms:play-services-basement:9.0.2] AndroidManifest.xml:18:5-42
MERGED from [com.android.support:support-v4:23.4.0] AndroidManifest.xml:20:5-43
MERGED from [com.google.android.gms:play-services-basement:9.0.2] AndroidManifest.xml:18:5-42
MERGED from [com.android.support:support-v4:23.4.0] AndroidManifest.xml:20:5-43
MERGED from [me.leolin:ShortcutBadger:1.1.4] AndroidManifest.xml:7:5-9:41
MERGED from [android:CordovaLib:unspecified:debug] AndroidManifest.xml:25:5-44
	android:targetSdkVersion
		ADDED from platforms/android/AndroidManifest.xml:31:42-71
	android:minSdkVersion
		ADDED from platforms/android/AndroidManifest.xml:31:15-41
uses-permission#android.permission.WRITE_EXTERNAL_STORAGE
ADDED from platforms/android/AndroidManifest.xml:32:5-81
	android:name
		ADDED from platforms/android/AndroidManifest.xml:32:22-78
uses-permission#android.permission.INTERNET
ADDED from platforms/android/AndroidManifest.xml:33:5-67
MERGED from [com.google.android.gms:play-services-gcm:9.0.2] AndroidManifest.xml:22:5-67
MERGED from [com.google.android.gms:play-services-iid:9.0.2] AndroidManifest.xml:22:5-67
	android:name
		ADDED from platforms/android/AndroidManifest.xml:33:22-64
uses-permission#android.permission.WAKE_LOCK
ADDED from platforms/android/AndroidManifest.xml:34:5-68
	android:name
		ADDED from platforms/android/AndroidManifest.xml:34:22-65
uses-permission#android.permission.VIBRATE
ADDED from platforms/android/AndroidManifest.xml:35:5-66
	android:name
		ADDED from platforms/android/AndroidManifest.xml:35:22-63
uses-permission#com.google.android.c2dm.permission.RECEIVE
ADDED from platforms/android/AndroidManifest.xml:36:5-82
MERGED from [com.google.android.gms:play-services-gcm:9.0.2] AndroidManifest.xml:21:5-82
MERGED from [com.google.android.gms:play-services-iid:9.0.2] AndroidManifest.xml:21:5-82
	android:name
		ADDED from platforms/android/AndroidManifest.xml:36:22-79
uses-permission#${applicationId}.permission.C2D_MESSAGE
ADDED from platforms/android/AndroidManifest.xml:37:5-79
	android:name
		ADDED from platforms/android/AndroidManifest.xml:37:22-76
		INJECTED from platforms/android/AndroidManifest.xml
permission#${applicationId}.permission.C2D_MESSAGE
ADDED from platforms/android/AndroidManifest.xml:38:5-110
	android:protectionLevel
		ADDED from platforms/android/AndroidManifest.xml:38:72-107
	android:name
		ADDED from platforms/android/AndroidManifest.xml:38:17-71
		INJECTED from platforms/android/AndroidManifest.xml
uses-permission#android.permission.ACCESS_NETWORK_STATE
ADDED from platforms/android/AndroidManifest.xml:39:5-79
	android:name
		ADDED from platforms/android/AndroidManifest.xml:39:22-76
activity#com.google.android.gms.common.api.GoogleApiActivity
ADDED from [com.google.android.gms:play-services-base:9.0.2] AndroidManifest.xml:20:9-22:45
MERGED from [com.google.android.gms:play-services-base:9.0.2] AndroidManifest.xml:20:9-22:45
	android:exported
		ADDED from [com.google.android.gms:play-services-base:9.0.2] AndroidManifest.xml:22:19-43
	android:theme
		ADDED from [com.google.android.gms:play-services-base:9.0.2] AndroidManifest.xml:21:19-78
	android:name
		ADDED from [com.google.android.gms:play-services-base:9.0.2] AndroidManifest.xml:20:19-85
meta-data#com.google.android.gms.version
ADDED from [com.google.android.gms:play-services-basement:9.0.2] AndroidManifest.xml:21:9-23:69
MERGED from [com.google.android.gms:play-services-basement:9.0.2] AndroidManifest.xml:21:9-23:69
MERGED from [com.google.android.gms:play-services-basement:9.0.2] AndroidManifest.xml:21:9-23:69
MERGED from [com.google.android.gms:play-services-basement:9.0.2] AndroidManifest.xml:21:9-23:69
MERGED from [com.google.android.gms:play-services-basement:9.0.2] AndroidManifest.xml:21:9-23:69
MERGED from [com.google.android.gms:play-services-basement:9.0.2] AndroidManifest.xml:21:9-23:69
MERGED from [com.google.android.gms:play-services-basement:9.0.2] AndroidManifest.xml:21:9-23:69
MERGED from [com.google.android.gms:play-services-basement:9.0.2] AndroidManifest.xml:21:9-23:69
MERGED from [com.google.android.gms:play-services-basement:9.0.2] AndroidManifest.xml:21:9-23:69
MERGED from [com.google.android.gms:play-services-basement:9.0.2] AndroidManifest.xml:21:9-23:69
	android:value
		ADDED from [com.google.android.gms:play-services-basement:9.0.2] AndroidManifest.xml:23:13-66
	android:name
		ADDED from [com.google.android.gms:play-services-basement:9.0.2] AndroidManifest.xml:22:13-58
provider#com.google.firebase.provider.FirebaseInitProvider
ADDED from [com.google.firebase:firebase-common:9.0.2] AndroidManifest.xml:7:9-11:39
MERGED from [com.google.firebase:firebase-common:9.0.2] AndroidManifest.xml:7:9-11:39
	android:authorities
		ADDED from [com.google.firebase:firebase-common:9.0.2] AndroidManifest.xml:8:13-72
	android:exported
		ADDED from [com.google.firebase:firebase-common:9.0.2] AndroidManifest.xml:10:13-37
	android:initOrder
		ADDED from [com.google.firebase:firebase-common:9.0.2] AndroidManifest.xml:11:13-36
	android:name
		ADDED from [com.google.firebase:firebase-common:9.0.2] AndroidManifest.xml:9:13-58
uses-permission#com.sec.android.provider.badge.permission.READ
ADDED from [me.leolin:ShortcutBadger:1.1.4] AndroidManifest.xml:19:5-86
	android:name
		ADDED from [me.leolin:ShortcutBadger:1.1.4] AndroidManifest.xml:19:22-83
uses-permission#com.sec.android.provider.badge.permission.WRITE
ADDED from [me.leolin:ShortcutBadger:1.1.4] AndroidManifest.xml:20:5-87
	android:name
		ADDED from [me.leolin:ShortcutBadger:1.1.4] AndroidManifest.xml:20:22-84
uses-permission#com.htc.launcher.permission.READ_SETTINGS
ADDED from [me.leolin:ShortcutBadger:1.1.4] AndroidManifest.xml:23:5-81
	android:name
		ADDED from [me.leolin:ShortcutBadger:1.1.4] AndroidManifest.xml:23:22-78
uses-permission#com.htc.launcher.permission.UPDATE_SHORTCUT
ADDED from [me.leolin:ShortcutBadger:1.1.4] AndroidManifest.xml:24:5-83
	android:name
		ADDED from [me.leolin:ShortcutBadger:1.1.4] AndroidManifest.xml:24:22-80
uses-permission#com.sonyericsson.home.permission.BROADCAST_BADGE
ADDED from [me.leolin:ShortcutBadger:1.1.4] AndroidManifest.xml:27:5-88
	android:name
		ADDED from [me.leolin:ShortcutBadger:1.1.4] AndroidManifest.xml:27:22-85
uses-permission#com.anddoes.launcher.permission.UPDATE_COUNT
ADDED from [me.leolin:ShortcutBadger:1.1.4] AndroidManifest.xml:30:5-84
	android:name
		ADDED from [me.leolin:ShortcutBadger:1.1.4] AndroidManifest.xml:30:22-81
uses-permission#com.majeur.launcher.permission.UPDATE_BADGE
ADDED from [me.leolin:ShortcutBadger:1.1.4] AndroidManifest.xml:33:5-83
	android:name
		ADDED from [me.leolin:ShortcutBadger:1.1.4] AndroidManifest.xml:33:22-80